2025-04-15 22:25:07,561 [DEBUG] This is a debug message
2025-04-15 22:25:07,562 [INFO] This is an info message
2025-04-15 22:25:07,562 [WARNING] This is a warning
2025-04-15 22:25:07,562 [ERROR] This is an error
2025-04-15 22:25:07,562 [CRITICAL] This is critical
2025-04-15 22:25:07,562 [DEBUG] Debug mode on
2025-04-15 22:25:07,563 [INFO] Starting scrpt...
2025-04-15 22:25:07,563 [INFO] Fetchin match_hero data...
2025-04-15 22:26:01,483 [DEBUG] This is a debug message
2025-04-15 22:26:01,484 [INFO] This is an info message
2025-04-15 22:26:01,484 [WARNING] This is a warning
2025-04-15 22:26:01,484 [ERROR] This is an error
2025-04-15 22:26:01,484 [CRITICAL] This is critical
2025-04-15 22:26:01,484 [DEBUG] Debug mode on
2025-04-15 22:26:01,485 [INFO] Starting scrpt...
2025-04-15 22:26:01,486 [INFO] Fetchin match_hero data...
2025-04-15 22:27:01,399 [DEBUG] This is a debug message
2025-04-15 22:27:01,399 [INFO] This is an info message
2025-04-15 22:27:01,399 [WARNING] This is a warning
2025-04-15 22:27:01,399 [ERROR] This is an error
2025-04-15 22:27:01,400 [CRITICAL] This is critical
2025-04-15 22:27:01,400 [DEBUG] Debug mode on
2025-04-15 22:27:01,400 [INFO] Starting scrpt...
2025-04-15 22:27:01,400 [INFO] Fetchin match_hero data...
2025-04-15 22:27:28,941 [DEBUG] This is a debug message
2025-04-15 22:27:28,941 [INFO] This is an info message
2025-04-15 22:27:28,942 [WARNING] This is a warning
2025-04-15 22:27:28,942 [ERROR] This is an error
2025-04-15 22:27:28,942 [CRITICAL] This is critical
2025-04-15 22:27:28,942 [DEBUG] Debug mode on
2025-04-15 22:27:28,942 [INFO] Starting scrpt...
2025-04-15 22:27:28,942 [INFO] Fetchin match_hero data...
2025-04-15 22:28:15,362 [DEBUG] This is a debug message
2025-04-15 22:28:15,362 [INFO] This is an info message
2025-04-15 22:28:15,362 [WARNING] This is a warning
2025-04-15 22:28:15,362 [ERROR] This is an error
2025-04-15 22:28:15,363 [CRITICAL] This is critical
2025-04-15 22:28:15,363 [DEBUG] Debug mode on
2025-04-15 22:28:15,363 [INFO] Starting scrpt...
2025-04-15 22:28:15,363 [INFO] Fetchin match_hero data...
2025-04-15 22:28:26,940 [DEBUG] This is a debug message
2025-04-15 22:28:26,940 [INFO] This is an info message
2025-04-15 22:28:26,940 [WARNING] This is a warning
2025-04-15 22:28:26,940 [ERROR] This is an error
2025-04-15 22:28:26,940 [CRITICAL] This is critical
2025-04-15 22:28:26,941 [DEBUG] Debug mode on
2025-04-15 22:28:26,941 [INFO] Starting scrpt...
2025-04-15 22:28:26,941 [INFO] Fetchin match_hero data...
2025-04-15 22:29:47,312 [DEBUG] This is a debug message
2025-04-15 22:29:47,313 [INFO] This is an info message
2025-04-15 22:29:47,313 [WARNING] This is a warning
2025-04-15 22:29:47,313 [ERROR] This is an error
2025-04-15 22:29:47,313 [CRITICAL] This is critical
2025-04-15 22:29:47,313 [DEBUG] Debug mode on
2025-04-15 22:29:47,313 [INFO] Starting scrpt...
2025-04-15 22:29:47,313 [INFO] Fetchin match_hero data...
2025-04-15 22:29:47,314 [DEBUG] Getting data from full url: placeholder
2025-04-15 22:35:43,327 [DEBUG] This is a debug message
2025-04-15 22:35:43,327 [INFO] This is an info message
2025-04-15 22:35:43,327 [WARNING] This is a warning
2025-04-15 22:35:43,327 [ERROR] This is an error
2025-04-15 22:35:43,327 [CRITICAL] This is critical
2025-04-15 22:35:43,327 [DEBUG] Debug mode on
2025-04-15 22:35:43,327 [INFO] Starting scrpt...
2025-04-15 22:35:43,327 [INFO] Fetchin match_hero data...
2025-04-15 22:35:43,327 [DEBUG] Getting data from full url: placeholder
2025-04-15 22:36:19,823 [DEBUG] This is a debug message
2025-04-15 22:36:19,824 [INFO] This is an info message
2025-04-15 22:36:19,824 [WARNING] This is a warning
2025-04-15 22:36:19,824 [ERROR] This is an error
2025-04-15 22:36:19,824 [CRITICAL] This is critical
2025-04-15 22:36:19,825 [DEBUG] Debug mode on
2025-04-15 22:36:19,825 [INFO] Starting scrpt...
2025-04-15 22:36:19,825 [INFO] Fetchin match_hero data...
2025-04-15 22:36:19,825 [DEBUG] Getting data from full url: https://api.deadlock-api.com/v1/analytics/hero-stats?/min_average_badge=115/min_unix_timestamp=1744684579.0
2025-04-15 22:36:19,827 [DEBUG] Starting new HTTPS connection (1): api.deadlock-api.com:443
2025-04-15 22:36:20,162 [DEBUG] https://api.deadlock-api.com:443 "GET /v1/analytics/hero-stats?/min_average_badge=115/min_unix_timestamp=1744684579.0 HTTP/1.1" 200 None
2025-04-15 22:36:20,163 [INFO] match_hero data fetched.
2025-04-15 22:36:20,164 [DEBUG] 
2025-04-22 21:42:04,970 [WARNING] This is a warning
2025-04-22 21:42:04,973 [ERROR] This is an error
2025-04-22 21:42:04,973 [CRITICAL] This is critical
2025-04-22 21:42:04,974 [WARNING] This is a warning
2025-04-22 21:42:04,974 [ERROR] This is an error
2025-04-22 21:42:04,974 [CRITICAL] This is critical
2025-04-22 21:44:01,058 [WARNING] This is a warning
2025-04-22 21:44:01,059 [ERROR] This is an error
2025-04-22 21:44:01,059 [CRITICAL] This is critical
2025-04-22 21:44:01,060 [WARNING] This is a warning
2025-04-22 21:44:01,060 [ERROR] This is an error
2025-04-22 21:44:01,060 [CRITICAL] This is critical
2025-04-23 19:51:03,130 [WARNING] This is a warning
2025-04-23 19:51:03,130 [ERROR] This is an error
2025-04-23 19:51:03,131 [CRITICAL] This is critical
2025-04-23 19:51:03,131 [WARNING] This is a warning
2025-04-23 19:51:03,131 [ERROR] This is an error
2025-04-23 19:51:03,131 [CRITICAL] This is critical
2025-04-23 19:51:41,450 [WARNING] This is a warning
2025-04-23 19:51:41,450 [ERROR] This is an error
2025-04-23 19:51:41,450 [CRITICAL] This is critical
2025-04-23 19:51:41,450 [WARNING] This is a warning
2025-04-23 19:51:41,451 [ERROR] This is an error
2025-04-23 19:51:41,451 [CRITICAL] This is critical
2025-04-23 19:52:11,702 [WARNING] This is a warning
2025-04-23 19:52:11,703 [ERROR] This is an error
2025-04-23 19:52:11,703 [CRITICAL] This is critical
2025-04-23 19:52:11,703 [WARNING] This is a warning
2025-04-23 19:52:11,703 [ERROR] This is an error
2025-04-23 19:52:11,703 [CRITICAL] This is critical
2025-04-23 20:05:06,156 [WARNING] This is a warning
2025-04-23 20:05:06,156 [ERROR] This is an error
2025-04-23 20:05:06,156 [CRITICAL] This is critical
2025-04-23 20:05:06,156 [WARNING] This is a warning
2025-04-23 20:05:06,156 [ERROR] This is an error
2025-04-23 20:05:06,156 [CRITICAL] This is critical
2025-04-23 20:13:12,636 [WARNING] This is a warning
2025-04-23 20:13:12,636 [ERROR] This is an error
2025-04-23 20:13:12,636 [CRITICAL] This is critical
2025-04-23 20:13:12,637 [WARNING] This is a warning
2025-04-23 20:13:12,637 [ERROR] This is an error
2025-04-23 20:13:12,637 [CRITICAL] This is critical
2025-04-23 20:15:34,510 [WARNING] This is a warning
2025-04-23 20:15:34,510 [ERROR] This is an error
2025-04-23 20:15:34,510 [CRITICAL] This is critical
2025-04-23 20:15:34,510 [WARNING] This is a warning
2025-04-23 20:15:34,511 [ERROR] This is an error
2025-04-23 20:15:34,511 [CRITICAL] This is critical
2025-04-23 20:21:21,282 [WARNING] This is a warning
2025-04-23 20:21:21,282 [ERROR] This is an error
2025-04-23 20:21:21,282 [CRITICAL] This is critical
2025-04-23 20:21:21,282 [WARNING] This is a warning
2025-04-23 20:21:21,282 [ERROR] This is an error
2025-04-23 20:21:21,282 [CRITICAL] This is critical
2025-04-23 20:24:05,306 [WARNING] This is a warning
2025-04-23 20:24:05,306 [ERROR] This is an error
2025-04-23 20:24:05,306 [CRITICAL] This is critical
2025-04-23 20:24:05,306 [WARNING] This is a warning
2025-04-23 20:24:05,306 [ERROR] This is an error
2025-04-23 20:24:05,306 [CRITICAL] This is critical
2025-04-23 20:27:36,805 [WARNING] This is a warning
2025-04-23 20:27:36,805 [ERROR] This is an error
2025-04-23 20:27:36,806 [CRITICAL] This is critical
2025-04-23 20:27:36,806 [WARNING] This is a warning
2025-04-23 20:27:36,806 [ERROR] This is an error
2025-04-23 20:27:36,806 [CRITICAL] This is critical
